<?xml version="1.0" encoding="UTF-8"?>
<testsuite name="LibraryTest" tests="1" skipped="0" failures="0" errors="0" timestamp="2016-07-21T07:19:47" hostname="DESKTOP-188Q7T6" time="0.0">
  <properties/>
  <testcase name="testSomeLibraryMethod" classname="LibraryTest" time="0.0"/>
  <system-out><![CDATA[]]></system-out>
  <system-err><![CDATA[]]></system-err>
</testsuite>
